EXEC_create
EXEC_create
EXEC_create
EXEC_create
EXEC_create
EXEC_create
EXEC_create
EXEC_create
EXEC_create
EXEC_create
EXEC_create
EXEC_create
EXEC_create
EXEC_create
EXEC_create
EXEC_create
EXEC_create
EXEC_create
EXEC_create
EXEC_create
EXEC_create
EXEC_create
EXEC_create
EXEC_create
EXEC_create
EXEC_create
EXEC_create
REG_setval
BA_register_autorun
REG_mkkey
REG_setval
FILE_touch
FILE_truncate
FILE_write
FILE_modified
BA_extract_hidden
BA_extract_pe
BA_self_copy
EXEC_module_load
EXEC_module_load
EXEC_module_load
EXEC_module_load
EXEC_module_load
EXEC_module_load
EXEC_module_load
EXEC_module_load
EXEC_module_load
EXEC_module_load
FILE_readdir
EXEC_module_load
FILE_readdir
EXEC_module_load
FILE_readdir
FILE_readdir
FILE_readdir
EXEC_module_load
EXEC_module_load
EXEC_module_load
PROC_exec
BA_exec_extratedfile
EXEC_module_load
EXEC_module_load
PROC_open
EXEC_module_load
EXEC_module_load
THRD_resume
EXEC_destroy
EXEC_create
EXEC_module_load
EXEC_module_load
EXEC_module_load
EXEC_module_load
EXEC_module_load
EXEC_module_load
EXEC_module_load
EXEC_module_load
EXEC_module_load
EXEC_module_load
EXEC_module_load
EXEC_module_load
SYS_opendev
EXEC_module_load
EXEC_module_load
EXEC_module_load
EXEC_module_load
EXEC_module_load
EXEC_module_load
EXEC_module_load
EXEC_module_load
REG_setval
BA_register_autorun
REG_setval
EXEC_module_load
EXEC_module_load
PROC_open
EXEC_module_load
EXEC_module_load
FILE_touch
EXEC_module_load
PROC_open
EXEC_module_load
FILE_touch
FILE_truncate
FILE_remove
EXEC_module_load
PROC_open
FILE_touch
FILE_truncate
FILE_write
SYS_opendev
EXEC_module_load
EXEC_module_load
PROC_open
EXEC_module_load
EXEC_module_load
FILE_touch
FILE_truncate
FILE_remove
EXEC_module_load
PROC_open
EXEC_module_load
PROC_open
FILE_readdir
FILE_readdir
FILE_readdir
EXEC_module_load
EXEC_module_load
PROC_open
NET_send
EXEC_module_load
PROC_open
EXEC_module_load
EXEC_module_load
FILE_readdir
FILE_readdir
EXEC_module_load
PROC_open
EXEC_module_load
SYS_opendev
PROC_open
NET_send
EXEC_module_load
PROC_open
EXEC_module_load
PROC_open
EXEC_module_load
PROC_open
NET_send
PROC_open
PROC_open
EXEC_module_load
PROC_open
EXEC_module_load
PROC_open
FILE_readdir
FILE_readdir
SYS_opendev
EXEC_module_load
PROC_open
EXEC_module_load
PROC_open
SYS_opendev
EXEC_module_load
PROC_open
EXEC_module_load
PROC_open
EXEC_module_load
PROC_open
EXEC_module_load
PROC_open
SYS_opendev
EXEC_module_load
PROC_open
FILE_touch
FILE_truncate
FILE_write
EXEC_module_load
PROC_open
EXEC_module_load
PROC_open
EXEC_module_load
PROC_open
EXEC_module_load
PROC_open
EXEC_module_load
PROC_open
EXEC_module_load
PROC_open
EXEC_module_load
PROC_open
EXEC_module_load
PROC_open
EXEC_module_load
PROC_open
EXEC_module_load
PROC_open
EXEC_module_load
PROC_open
EXEC_module_load
PROC_open
EXEC_module_load
PROC_open
EXEC_module_load
PROC_open
EXEC_module_load
PROC_open
EXEC_module_load
PROC_open
EXEC_module_load
PROC_open
EXEC_module_load
PROC_open
EXEC_module_load
PROC_open
EXEC_module_load
PROC_open
EXEC_module_load
PROC_open
EXEC_module_load
PROC_open
EXEC_module_load
PROC_open
EXEC_module_load
PROC_open
EXEC_module_load
PROC_open
EXEC_module_load
PROC_open
EXEC_module_load
PROC_open
EXEC_module_load
PROC_open
EXEC_module_load
PROC_open
EXEC_module_load
PROC_open
EXEC_module_load
PROC_open
EXEC_module_load
PROC_open
EXEC_module_load
PROC_open
EXEC_module_load
PROC_open
EXEC_module_load
PROC_open
EXEC_module_load
PROC_open
EXEC_module_load
PROC_open
EXEC_module_load
PROC_open
EXEC_module_load
PROC_open
EXEC_module_load
PROC_open
EXEC_module_load
PROC_open
EXEC_module_load
PROC_open
EXEC_module_load
PROC_open
EXEC_module_load
PROC_open
EXEC_module_load
PROC_open
EXEC_module_load
PROC_open
EXEC_module_load
PROC_open
W32_sendmsg
W32_sendmsg
EXEC_module_load
PROC_open
W32_sendmsg
W32_sendmsg
EXEC_module_load
PROC_open
W32_sendmsg
W32_sendmsg
EXEC_module_load
PROC_open
W32_sendmsg
W32_sendmsg
EXEC_module_load
PROC_open
W32_sendmsg
W32_sendmsg
EXEC_module_load
PROC_open
W32_sendmsg
W32_sendmsg
EXEC_module_load
PROC_open
W32_sendmsg
W32_sendmsg
EXEC_module_load
PROC_open
W32_sendmsg
W32_sendmsg
EXEC_module_load
PROC_open
W32_sendmsg
W32_sendmsg
EXEC_module_load
PROC_open
W32_sendmsg
W32_sendmsg
EXEC_module_load
PROC_open
W32_sendmsg
W32_sendmsg
EXEC_module_load
PROC_open
W32_sendmsg
W32_sendmsg
EXEC_module_load
PROC_open
W32_sendmsg
W32_sendmsg
EXEC_module_load
PROC_open
W32_sendmsg
W32_sendmsg
EXEC_module_load
PROC_open
W32_sendmsg
W32_sendmsg
EXEC_module_load
PROC_open
W32_sendmsg
W32_sendmsg
EXEC_module_load
PROC_open
W32_sendmsg
W32_sendmsg
EXEC_module_load
PROC_open
FILE_truncate
FILE_write
W32_sendmsg
W32_sendmsg
EXEC_module_load
PROC_open
FILE_modified
W32_sendmsg
W32_sendmsg
EXEC_module_load
PROC_open
FILE_truncate
FILE_write
W32_sendmsg
W32_sendmsg
EXEC_module_load
PROC_open
W32_sendmsg
W32_sendmsg
EXEC_module_load
PROC_open
W32_sendmsg
W32_sendmsg
EXEC_module_load
PROC_open
W32_sendmsg
W32_sendmsg
EXEC_module_load
PROC_open
W32_sendmsg
W32_sendmsg
EXEC_module_load
PROC_open
W32_sendmsg
FILE_modified
BA_extract_pe
W32_sendmsg
EXEC_module_load
PROC_open
W32_sendmsg
W32_sendmsg
EXEC_module_load
PROC_open
W32_sendmsg
W32_sendmsg
EXEC_module_load
PROC_open
W32_sendmsg
W32_sendmsg
EXEC_module_load
PROC_open
W32_sendmsg
W32_sendmsg
EXEC_module_load
PROC_open
W32_sendmsg
W32_sendmsg
EXEC_module_load
PROC_open
W32_sendmsg
W32_sendmsg
EXEC_module_load
PROC_open
W32_sendmsg
W32_sendmsg
EXEC_module_load
PROC_open
W32_sendmsg
W32_sendmsg
EXEC_module_load
PROC_open
W32_sendmsg
W32_sendmsg
EXEC_module_load
PROC_open
W32_sendmsg
W32_sendmsg
EXEC_module_load
PROC_open
W32_sendmsg
W32_sendmsg
EXEC_module_load
PROC_open
W32_sendmsg
W32_sendmsg
EXEC_module_load
PROC_open
W32_sendmsg
W32_sendmsg
EXEC_module_load
PROC_open
FILE_truncate
FILE_truncate
FILE_write
FILE_modified
BA_infect_pe
FILE_remove
W32_sendmsg
FILE_chmod
W32_sendmsg
EXEC_module_load
PROC_open
FILE_write
W32_sendmsg
W32_sendmsg
EXEC_module_load
PROC_open
W32_sendmsg
W32_sendmsg
EXEC_module_load
PROC_open
W32_sendmsg
W32_sendmsg
EXEC_module_load
PROC_open
W32_sendmsg
W32_sendmsg
EXEC_module_load
PROC_open
W32_sendmsg
W32_sendmsg
EXEC_module_load
PROC_open
W32_sendmsg
W32_sendmsg
EXEC_module_load
PROC_open
W32_sendmsg
W32_sendmsg
EXEC_module_load
PROC_open
W32_sendmsg
W32_sendmsg
EXEC_module_load
PROC_open
W32_sendmsg
W32_sendmsg
EXEC_module_load
PROC_open
W32_sendmsg
W32_sendmsg
EXEC_module_load
PROC_open
W32_sendmsg
W32_sendmsg
EXEC_module_load
PROC_open
W32_sendmsg
W32_sendmsg
EXEC_module_load
PROC_open
W32_sendmsg
W32_sendmsg
EXEC_module_load
PROC_open
W32_sendmsg
W32_sendmsg
EXEC_module_load
PROC_open
W32_sendmsg
W32_sendmsg
EXEC_module_load
PROC_open
W32_sendmsg
W32_sendmsg
EXEC_module_load
PROC_open
W32_sendmsg
W32_sendmsg
EXEC_module_load
PROC_open
W32_sendmsg
FILE_readdir
FILE_readdir
FILE_readdir
FILE_readdir
FILE_readdir
FILE_readdir
FILE_readdir
FILE_readdir
FILE_readdir
FILE_readdir
FILE_readdir
FILE_readdir
FILE_readdir
FILE_readdir
FILE_readdir
FILE_readdir
FILE_readdir
FILE_readdir
FILE_readdir
FILE_readdir
FILE_readdir
FILE_readdir
FILE_readdir
FILE_readdir
FILE_readdir
FILE_readdir
FILE_readdir
FILE_readdir
FILE_readdir
EXEC_module_load
EXEC_module_load
FILE_readdir
FILE_readdir
FILE_readdir
FILE_readdir
FILE_readdir
FILE_readdir
FILE_readdir
FILE_readdir
FILE_readdir
FILE_readdir
FILE_readdir
FILE_readdir
FILE_readdir
FILE_readdir
FILE_readdir
FILE_readdir
FILE_readdir
FILE_readdir
FILE_readdir
FILE_readdir
FILE_readdir
FILE_readdir
FILE_readdir
FILE_readdir
FILE_readdir
FILE_readdir
FILE_readdir
FILE_readdir
FILE_readdir
FILE_readdir
FILE_readdir
FILE_readdir
FILE_readdir
FILE_readdir
FILE_readdir
FILE_readdir
FILE_readdir
FILE_readdir
FILE_readdir
FILE_readdir
FILE_readdir
FILE_readdir
EXEC_module_load
EXEC_module_load
EXEC_module_load
FILE_readdir
EXEC_module_load
EXEC_module_load
EXEC_module_load
FILE_readdir
EXEC_module_load
EXEC_module_load
EXEC_module_load
FILE_readdir
EXEC_module_load
EXEC_module_load
EXEC_module_load
FILE_readdir
EXEC_module_load
EXEC_module_load
EXEC_module_load
FILE_readdir
EXEC_module_load
EXEC_module_load
EXEC_module_load
FILE_readdir
EXEC_module_load
EXEC_module_load
EXEC_module_load
FILE_readdir
EXEC_module_load
EXEC_module_load
EXEC_module_load
FILE_readdir
EXEC_module_load
EXEC_module_load
EXEC_module_load
FILE_readdir
EXEC_module_load
EXEC_module_load
FILE_readdir
EXEC_module_load
EXEC_module_load
EXEC_module_load
FILE_readdir
EXEC_module_load
EXEC_module_load
EXEC_module_load
FILE_readdir
EXEC_module_load
EXEC_module_load
EXEC_module_load
FILE_readdir
EXEC_module_load
EXEC_module_load
FILE_readdir
FILE_readdir
FILE_readdir
FILE_readdir
FILE_readdir
FILE_readdir
FILE_readdir
FILE_readdir
FILE_readdir
FILE_readdir
FILE_readdir
FILE_readdir
FILE_readdir
FILE_readdir
EXEC_module_load
FILE_readdir
FILE_readdir
FILE_readdir
FILE_readdir
FILE_readdir
FILE_readdir
FILE_readdir
FILE_readdir
FILE_readdir
FILE_readdir
FILE_readdir
FILE_readdir
FILE_readdir
FILE_readdir
FILE_truncate
FILE_write
FILE_truncate
FILE_write
FILE_touch
FILE_truncate
FILE_write
FILE_readdir
FILE_readdir
FILE_readdir
FILE_readdir
FILE_readdir
FILE_readdir
FILE_readdir
FILE_readdir
FILE_readdir
FILE_readdir
FILE_readdir
FILE_readdir
FILE_readdir
FILE_readdir
FILE_readdir
FILE_readdir
FILE_readdir
FILE_readdir
FILE_readdir
FILE_readdir
FILE_readdir
FILE_readdir
FILE_readdir
FILE_readdir
FILE_readdir
FILE_readdir
FILE_readdir
FILE_readdir
FILE_readdir
FILE_readdir
FILE_readdir
FILE_readdir
FILE_readdir
FILE_readdir
FILE_readdir
FILE_readdir
FILE_readdir
FILE_readdir
FILE_readdir
FILE_readdir
FILE_readdir
FILE_readdir
FILE_readdir
FILE_readdir
FILE_readdir
FILE_readdir
FILE_readdir
FILE_readdir
FILE_readdir
FILE_readdir
FILE_readdir
FILE_readdir
FILE_readdir
FILE_readdir
FILE_readdir
FILE_readdir
FILE_readdir
FILE_readdir
FILE_readdir
FILE_readdir
FILE_readdir
FILE_readdir
FILE_readdir
FILE_readdir
FILE_readdir
FILE_readdir
FILE_readdir
FILE_readdir
FILE_readdir
FILE_readdir
