EXEC_create
EXEC_create
EXEC_create
EXEC_create
EXEC_create
EXEC_create
EXEC_create
EXEC_create
EXEC_create
EXEC_create
EXEC_create
EXEC_create
EXEC_create
EXEC_create
EXEC_create
EXEC_create
EXEC_create
EXEC_create
EXEC_create
EXEC_create
EXEC_create
EXEC_create
EXEC_create
EXEC_create
EXEC_create
EXEC_create
EXEC_create
EXEC_module_load
EXEC_module_load
EXEC_module_load
EXEC_module_load
EXEC_module_load
EXEC_module_load
EXEC_module_load
EXEC_module_load
EXEC_module_load
EXEC_module_load
EXEC_module_load
EXEC_module_load
EXEC_module_load
EXEC_module_load
EXEC_module_load
EXEC_module_load
EXEC_module_load
EXEC_module_load
EXEC_module_load
EXEC_module_load
EXEC_module_load
EXEC_module_load
SYS_opendev
SYS_opendev
EXEC_module_load
EXEC_module_load
FILE_readdir
FILE_readdir
SYS_opendev
EXEC_module_load
W32_findwnd
SYS_enumproc
W32_findwnd
W32_findwnd
FILE_readdir
FILE_readdir
W32_findwnd
W32_findwnd
W32_findwnd
SYS_opendev
SYS_opendev
EXEC_module_load
EXEC_module_load
EXEC_module_load
EXEC_module_load
SYS_opendev
FILE_touch
FILE_truncate
FILE_write
EXEC_module_load
EXEC_module_load
EXEC_module_load
EXEC_module_load
FILE_readdir
FILE_readdir
FILE_readdir
EXEC_module_load
FILE_readdir
FILE_readdir
FILE_readdir
EXEC_module_load
EXEC_module_load
EXEC_module_load
EXEC_module_load
EXEC_module_load
EXEC_module_load
EXEC_module_load
EXEC_module_load
EXEC_module_load
REG_setval
BA_register_autorun
REG_mkkey
REG_setval
REG_setval
REG_setval
REG_setval
BA_register_autorun
REG_setval
REG_setval
REG_setval
REG_setval
BA_register_autorun
REG_setval
REG_setval
REG_setval
REG_setval
BA_register_autorun
REG_setval
REG_setval
REG_setval
REG_setval
BA_register_autorun
REG_setval
REG_setval
REG_setval
REG_setval
BA_register_autorun
REG_setval
BA_register_autorun
REG_mkkey
REG_setval
EXEC_module_load
FILE_readdir
FILE_remove
FILE_touch
FILE_write
FILE_modified
FILE_readdir
FILE_touch
FILE_truncate
FILE_write
FILE_modified
BA_extract_pe
BA_self_copy
FILE_chmod
BA_extract_hidden
REG_mkkey
REG_mkkey
REG_mkkey
REG_mkkey
REG_setval
FILE_touch
FILE_write
W32_findwnd
W32_findwnd
W32_findwnd
W32_findwnd
W32_findwnd
FILE_write
FILE_modified
W32_findwnd
SYS_opendev
SYS_opendev
SYS_opendev
SYS_opendev
W32_findwnd
W32_findwnd
W32_findwnd
W32_findwnd
W32_findwnd
FILE_touch
FILE_truncate
FILE_write
FILE_truncate
FILE_write
W32_findwnd
FILE_truncate
FILE_write
W32_findwnd
FILE_write
W32_findwnd
W32_findwnd
W32_findwnd
W32_findwnd
W32_findwnd
W32_findwnd
W32_findwnd
W32_findwnd
W32_findwnd
W32_findwnd
W32_findwnd
W32_findwnd
W32_findwnd
W32_findwnd
W32_findwnd
W32_findwnd
W32_findwnd
W32_findwnd
W32_findwnd
