EXEC_create
EXEC_create
EXEC_create
EXEC_create
EXEC_create
EXEC_create
EXEC_create
EXEC_create
EXEC_create
EXEC_create
EXEC_create
EXEC_create
EXEC_create
EXEC_create
EXEC_create
EXEC_create
EXEC_create
EXEC_create
EXEC_create
EXEC_create
EXEC_create
EXEC_create
EXEC_create
EXEC_create
EXEC_create
EXEC_create
EXEC_create
EXEC_module_load
EXEC_module_load
EXEC_module_load
EXEC_module_load
EXEC_module_load
EXEC_module_load
EXEC_module_load
EXEC_module_load
EXEC_module_load
EXEC_module_load
EXEC_module_load
EXEC_module_load
EXEC_module_load
EXEC_module_load
EXEC_module_load
EXEC_module_load
EXEC_module_load
EXEC_module_load
EXEC_module_load
EXEC_module_load
EXEC_module_load
EXEC_module_load
SYS_opendev
SYS_opendev
EXEC_module_load
EXEC_module_load
FILE_readdir
FILE_readdir
EXEC_module_load
SYS_opendev
EXEC_module_load
EXEC_module_load
EXEC_module_load
EXEC_module_load
EXEC_module_load
EXEC_module_load
EXEC_module_load
EXEC_module_load
EXEC_module_load
EXEC_module_load
EXEC_module_load
EXEC_module_load
FILE_readdir
REG_setval
REG_setval
REG_setval
REG_setval
REG_setval
REG_setval
REG_setval
REG_setval
REG_setval
REG_setval
REG_setval
REG_setval
REG_setval
FILE_readdir
SYS_opendev
EXEC_module_load
SYS_opendev
EXEC_module_load
EXEC_module_load
SYS_opendev
EXEC_module_load
EXEC_module_load
EXEC_module_load
EXEC_module_load
EXEC_module_load
SYS_opendev
FILE_touch
FILE_truncate
FILE_write
EXEC_module_load
EXEC_module_load
EXEC_module_load
FILE_touch
FILE_truncate
FILE_truncate
FILE_write
FILE_modified
BA_extract_pe
BA_self_copy
FILE_chmod
BA_extract_hidden
FILE_write
EXEC_module_load
FILE_readdir
FILE_readdir
FILE_readdir
FILE_readdir
FILE_readdir
FILE_readdir
PROC_exec
BA_exec_extratedfile
PROC_open
THRD_resume
EXEC_create
EXEC_module_load
EXEC_module_load
EXEC_module_load
EXEC_module_load
EXEC_module_load
EXEC_module_load
EXEC_module_load
EXEC_module_load
EXEC_module_load
EXEC_module_load
EXEC_module_load
EXEC_module_load
EXEC_module_load
EXEC_module_load
EXEC_module_load
EXEC_module_load
EXEC_module_load
EXEC_module_load
EXEC_module_load
EXEC_module_load
EXEC_module_load
EXEC_module_load
EXEC_module_load
EXEC_module_load
EXEC_destroy
EXEC_module_load
EXEC_module_load
EXEC_module_load
EXEC_module_load
EXEC_module_load
EXEC_module_load
EXEC_module_load
EXEC_module_load
EXEC_module_load
EXEC_module_load
EXEC_module_load
EXEC_module_load
EXEC_module_load
FILE_touch
FILE_truncate
FILE_write
FILE_remove
REG_setval
BA_register_autorun
REG_mkkey
REG_setval
REG_mkkey
REG_setval
SYS_enumproc
REG_setval
REG_setval
REG_setval
BA_register_autorun
REG_setval
REG_setval
EXEC_module_load
EXEC_module_load
EXEC_module_load
EXEC_module_load
EXEC_module_load
EXEC_module_load
EXEC_module_load
REG_setval
BA_register_autorun
REG_setval
REG_setval
EXEC_module_load
EXEC_module_load
EXEC_module_load
EXEC_module_load
EXEC_module_load
NET_connect
REG_setval
BA_register_autorun
REG_setval
REG_setval
REG_setval
BA_register_autorun
REG_setval
REG_setval
REG_setval
BA_register_autorun
REG_setval
REG_setval
REG_setval
BA_register_autorun
REG_setval
REG_setval
REG_setval
BA_register_autorun
REG_setval
REG_setval
REG_setval
BA_register_autorun
REG_setval
REG_setval
REG_setval
BA_register_autorun
REG_setval
REG_setval
REG_setval
BA_register_autorun
REG_setval
REG_setval
REG_setval
BA_register_autorun
REG_setval
REG_setval
REG_setval
BA_register_autorun
REG_setval
REG_setval
REG_setval
BA_register_autorun
REG_setval
REG_setval
REG_setval
BA_register_autorun
REG_setval
REG_setval
REG_setval
BA_register_autorun
REG_setval
REG_setval
REG_setval
BA_register_autorun
REG_setval
REG_setval
NET_connect
REG_setval
BA_register_autorun
REG_setval
REG_setval
REG_setval
BA_register_autorun
REG_setval
REG_setval
REG_setval
BA_register_autorun
REG_setval
REG_setval
REG_setval
BA_register_autorun
REG_setval
REG_setval
REG_setval
BA_register_autorun
REG_setval
REG_setval
REG_setval
BA_register_autorun
REG_setval
REG_setval
REG_setval
BA_register_autorun
REG_setval
REG_setval
REG_setval
BA_register_autorun
REG_setval
REG_setval
REG_setval
BA_register_autorun
REG_setval
REG_setval
REG_setval
BA_register_autorun
REG_setval
REG_setval
REG_setval
BA_register_autorun
REG_setval
REG_setval
REG_setval
BA_register_autorun
REG_setval
REG_setval
REG_setval
BA_register_autorun
REG_setval
REG_setval
NET_connect
REG_setval
BA_register_autorun
REG_setval
REG_setval
REG_setval
BA_register_autorun
REG_setval
REG_setval
REG_setval
BA_register_autorun
REG_setval
REG_setval
REG_setval
BA_register_autorun
REG_setval
REG_setval
REG_setval
BA_register_autorun
REG_setval
REG_setval
REG_setval
BA_register_autorun
REG_setval
REG_setval
REG_setval
BA_register_autorun
REG_setval
REG_setval
REG_setval
BA_register_autorun
REG_setval
REG_setval
REG_setval
BA_register_autorun
REG_setval
REG_setval
REG_setval
BA_register_autorun
REG_setval
REG_setval
REG_setval
BA_register_autorun
REG_setval
REG_setval
REG_setval
BA_register_autorun
REG_setval
REG_setval
REG_setval
BA_register_autorun
REG_setval
REG_setval
NET_connect
REG_setval
BA_register_autorun
REG_setval
REG_setval
REG_setval
BA_register_autorun
REG_setval
REG_setval
REG_setval
BA_register_autorun
REG_setval
REG_setval
FILE_truncate
FILE_write
REG_setval
BA_register_autorun
REG_setval
REG_setval
FILE_truncate
FILE_write
REG_setval
BA_register_autorun
REG_setval
REG_setval
REG_setval
BA_register_autorun
REG_setval
REG_setval
REG_setval
BA_register_autorun
REG_setval
REG_setval
REG_setval
BA_register_autorun
REG_setval
REG_setval
REG_setval
BA_register_autorun
REG_setval
REG_setval
FILE_touch
FILE_truncate
FILE_write
REG_setval
BA_register_autorun
REG_setval
REG_setval
REG_setval
BA_register_autorun
REG_setval
REG_setval
REG_setval
BA_register_autorun
REG_setval
REG_setval
REG_setval
BA_register_autorun
REG_setval
REG_setval
REG_setval
BA_register_autorun
REG_setval
REG_setval
NET_connect
REG_setval
BA_register_autorun
REG_setval
REG_setval
REG_setval
BA_register_autorun
REG_setval
REG_setval
REG_setval
BA_register_autorun
REG_setval
REG_setval
REG_setval
BA_register_autorun
REG_setval
REG_setval
REG_setval
BA_register_autorun
REG_setval
REG_setval
REG_setval
BA_register_autorun
REG_setval
REG_setval
REG_setval
BA_register_autorun
REG_setval
REG_setval
REG_setval
BA_register_autorun
REG_setval
REG_setval
REG_setval
BA_register_autorun
REG_setval
REG_setval
REG_setval
BA_register_autorun
REG_setval
REG_setval
REG_setval
BA_register_autorun
REG_setval
REG_setval
REG_setval
BA_register_autorun
REG_setval
REG_setval
REG_setval
BA_register_autorun
REG_setval
REG_setval
REG_setval
BA_register_autorun
REG_setval
REG_setval
NET_connect
REG_setval
BA_register_autorun
REG_setval
REG_setval
REG_setval
BA_register_autorun
REG_setval
REG_setval
REG_setval
BA_register_autorun
REG_setval
REG_setval
REG_setval
BA_register_autorun
REG_setval
REG_setval
REG_setval
BA_register_autorun
REG_setval
REG_setval
REG_setval
BA_register_autorun
REG_setval
REG_setval
REG_setval
BA_register_autorun
REG_setval
REG_setval
REG_setval
BA_register_autorun
REG_setval
REG_setval
REG_setval
BA_register_autorun
REG_setval
REG_setval
REG_setval
BA_register_autorun
REG_setval
REG_setval
REG_setval
BA_register_autorun
REG_setval
REG_setval
REG_setval
BA_register_autorun
REG_setval
REG_setval
REG_setval
BA_register_autorun
REG_setval
REG_setval
NET_connect
REG_setval
BA_register_autorun
REG_setval
REG_setval
REG_setval
BA_register_autorun
REG_setval
REG_setval
REG_setval
BA_register_autorun
REG_setval
REG_setval
REG_setval
BA_register_autorun
REG_setval
REG_setval
REG_setval
BA_register_autorun
REG_setval
REG_setval
REG_setval
BA_register_autorun
REG_setval
REG_setval
REG_setval
BA_register_autorun
REG_setval
REG_setval
REG_setval
BA_register_autorun
REG_setval
REG_setval
REG_setval
BA_register_autorun
REG_setval
REG_setval
REG_setval
BA_register_autorun
REG_setval
REG_setval
REG_setval
BA_register_autorun
REG_setval
REG_setval
REG_setval
BA_register_autorun
REG_setval
REG_setval
REG_setval
BA_register_autorun
REG_setval
REG_setval
REG_setval
BA_register_autorun
REG_setval
REG_setval
NET_connect
REG_setval
BA_register_autorun
REG_setval
REG_setval
REG_setval
BA_register_autorun
REG_setval
REG_setval
REG_setval
BA_register_autorun
REG_setval
REG_setval
REG_setval
BA_register_autorun
REG_setval
REG_setval
REG_setval
BA_register_autorun
REG_setval
REG_setval
REG_setval
BA_register_autorun
REG_setval
REG_setval
REG_setval
BA_register_autorun
REG_setval
REG_setval
REG_setval
BA_register_autorun
REG_setval
REG_setval
REG_setval
BA_register_autorun
REG_setval
REG_setval
REG_setval
BA_register_autorun
REG_setval
REG_setval
REG_setval
BA_register_autorun
REG_setval
REG_setval
REG_setval
BA_register_autorun
REG_setval
REG_setval
REG_setval
BA_register_autorun
REG_setval
REG_setval
NET_connect
REG_setval
BA_register_autorun
REG_setval
REG_setval
REG_setval
BA_register_autorun
REG_setval
REG_setval
REG_setval
BA_register_autorun
REG_setval
REG_setval
REG_setval
BA_register_autorun
REG_setval
REG_setval
REG_setval
BA_register_autorun
REG_setval
REG_setval
REG_setval
BA_register_autorun
REG_setval
REG_setval
REG_setval
BA_register_autorun
REG_setval
REG_setval
REG_setval
BA_register_autorun
REG_setval
REG_setval
REG_setval
BA_register_autorun
REG_setval
REG_setval
REG_setval
BA_register_autorun
REG_setval
REG_setval
REG_setval
BA_register_autorun
REG_setval
REG_setval
REG_setval
BA_register_autorun
REG_setval
REG_setval
REG_setval
BA_register_autorun
REG_setval
REG_setval
REG_setval
BA_register_autorun
REG_setval
REG_setval
NET_connect
REG_setval
BA_register_autorun
REG_setval
REG_setval
REG_setval
BA_register_autorun
REG_setval
REG_setval
REG_setval
BA_register_autorun
REG_setval
REG_setval
REG_setval
BA_register_autorun
REG_setval
REG_setval
REG_setval
BA_register_autorun
REG_setval
REG_setval
REG_setval
BA_register_autorun
REG_setval
REG_setval
REG_setval
BA_register_autorun
REG_setval
REG_setval
REG_setval
BA_register_autorun
REG_setval
REG_setval
REG_setval
BA_register_autorun
REG_setval
REG_setval
REG_setval
BA_register_autorun
REG_setval
REG_setval
REG_setval
BA_register_autorun
REG_setval
REG_setval
REG_setval
BA_register_autorun
REG_setval
REG_setval
REG_setval
BA_register_autorun
REG_setval
REG_setval
REG_setval
BA_register_autorun
REG_setval
REG_setval
NET_connect
REG_setval
BA_register_autorun
REG_setval
REG_setval
REG_setval
BA_register_autorun
REG_setval
REG_setval
REG_setval
BA_register_autorun
REG_setval
REG_setval
REG_setval
BA_register_autorun
REG_setval
REG_setval
REG_setval
BA_register_autorun
REG_setval
REG_setval
REG_setval
BA_register_autorun
REG_setval
REG_setval
REG_setval
BA_register_autorun
REG_setval
REG_setval
REG_setval
BA_register_autorun
REG_setval
REG_setval
REG_setval
BA_register_autorun
REG_setval
REG_setval
REG_setval
BA_register_autorun
REG_setval
REG_setval
REG_setval
BA_register_autorun
REG_setval
REG_setval
REG_setval
BA_register_autorun
REG_setval
REG_setval
REG_setval
BA_register_autorun
REG_setval
REG_setval
REG_setval
BA_register_autorun
REG_setval
REG_setval
REG_setval
BA_register_autorun
REG_setval
REG_setval
NET_connect
REG_setval
BA_register_autorun
REG_setval
REG_setval
REG_setval
BA_register_autorun
REG_setval
REG_setval
REG_setval
BA_register_autorun
REG_setval
REG_setval
REG_setval
BA_register_autorun
REG_setval
REG_setval
REG_setval
BA_register_autorun
REG_setval
REG_setval
REG_setval
BA_register_autorun
REG_setval
REG_setval
REG_setval
BA_register_autorun
REG_setval
REG_setval
REG_setval
BA_register_autorun
REG_setval
REG_setval
REG_setval
BA_register_autorun
REG_setval
REG_setval
REG_setval
BA_register_autorun
REG_setval
REG_setval
REG_setval
BA_register_autorun
REG_setval
REG_setval
REG_setval
BA_register_autorun
REG_setval
REG_setval
REG_setval
BA_register_autorun
REG_setval
REG_setval
REG_setval
BA_register_autorun
REG_setval
REG_setval
NET_connect
REG_setval
BA_register_autorun
REG_setval
REG_setval
REG_setval
BA_register_autorun
REG_setval
REG_setval
REG_setval
BA_register_autorun
REG_setval
REG_setval
REG_setval
BA_register_autorun
REG_setval
REG_setval
REG_setval
BA_register_autorun
REG_setval
REG_setval
REG_setval
BA_register_autorun
REG_setval
REG_setval
REG_setval
BA_register_autorun
REG_setval
REG_setval
REG_setval
BA_register_autorun
REG_setval
REG_setval
REG_setval
BA_register_autorun
REG_setval
REG_setval
REG_setval
BA_register_autorun
REG_setval
REG_setval
REG_setval
BA_register_autorun
REG_setval
REG_setval
REG_setval
BA_register_autorun
REG_setval
REG_setval
REG_setval
BA_register_autorun
REG_setval
REG_setval
REG_setval
BA_register_autorun
REG_setval
REG_setval
NET_connect
